This is pdfTeX, Version 3.14159265-2.6-1.40.18 (MiKTeX 2.9.6350 64-bit) (preloaded format=pdflatex 2017.6.8)  22 DEC 2017 23:47
entering extended mode
**./Liebdberg_rudders_jm_v2.tex
(Liebdberg_rudders_jm_v2.tex
LaTeX2e <2017-04-15>
Babel <3.10> and hyphenation patterns for 75 language(s) loaded.
(C:\Users\Robertek\AppData\Roaming\MiKTeX\2.9\tex\latex\revtex\revtex4-1.cls
Document Class: revtex4-1 2010/07/25/20:33:00 4.1r (http://publish.aps.org/revt
ex4/ for documentation)
 Copyright (c) 2009 The American Physical Society.
 mailto:revtex@aps.org
 Licensed under the LPPL:
http://www.ctan.org/tex-archive/macros/latex/base/lppl.txt
 Arthur Ogawa <arthur_ogawa at sbcglobal dot net>
 Based on work by David Carlisle <david at dcarlisle.demon.co.uk>.
ltxutil[2010/07/25/20:33:00 4.1r utilities package (portions licensed from W. E
. Baxter web at superscript.com)]
LaTeX Info: Redefining \@centercr on input line 308.
Class revtex4-1 Info: Repairing broken LaTeX eqnarray on input line 358.
\eqncolsep=\skip41
Class revtex4-1 Info: Repairing hyperref-unfriendly LaTeX definition of \mpfoot
note on input line 433.
Class revtex4-1 Info: Repairing broken LateX \@sect on input line 755.
\intertabularlinepenalty=\count79
\@tbpen=\count80
\@arstrutbox@hline=\box26
Class revtex4-1 Info: Repairing broken LaTeX \@xbitor on input line 1786.
Class revtex4-1 Info: Making \typeout \long on input line 2046.
ltxfront[2010/07/25/20:33:00 4.1r frontmatter package (AO,DPC)]
\c@affil=\count81
\c@collab=\count82
\absbox=\box27
ltxgrid[2010/07/25/20:33:00 4.1r page grid package (portions licensed from W. E
. Baxter web at superscript.com)]
\c@linecount=\count83
\output@latex=\toks14
\box@size@1=\box28
\box@size@2=\box29
\@protection@box=\box30
\@topmark@saved=\toks15
\footins@saved=\box31
\footins@recovered=\box32
\column@recovered=\box33
\pagesofar=\box34
\footsofar=\box35
\pagegrid@col=\count84
Class revtex4-1 Info: Overriding \@vspace, \@vspacer, \@no@pgbk, \@newline, and
 \\  on input line 5578.
\c@part=\count85
\c@section=\count86
\c@subsection=\count87
\c@subsubsection=\count88
\c@paragraph=\count89
\c@subparagraph=\count90
\abovecaptionskip=\skip42
\belowcaptionskip=\skip43
\c@figure=\count91
\fbox@1=\box36
\c@table=\count92
\fbox@2=\box37
\c@video=\count93
\fbox@4=\box38
\@bibdataout=\write3
\widetext@top=\box39
\widetext@bot=\box40
Class revtex4-1 Info: Selecting society aps on input line 7542.
(C:\Users\Robertek\AppData\Roaming\MiKTeX\2.9\tex\latex\revtex\aps4-1.rtx
File: aps4-1 2010/07/25/20:33:00 4.1r (http://publish.aps.org/revtex4/ for docu
mentation)
Class revtex4-1 Info: RevTeX society APS selected on input line 31.
)
Class revtex4-1 Info: Selecting journal prl on input line 7544.
Class revtex4-1 Info: APS journal PRL selected on input line 7545.


Class revtex4-1 Warning: No type size specified, using default 10.

(C:\Users\Robertek\AppData\Roaming\MiKTeX\2.9\tex\latex\revtex\aps10pt4-1.rtx
File: aps10pt4-1 2010/07/25/20:33:00 4.1r (http://publish.aps.org/revtex4/ for 
documentation)
Class revtex4-1 Info: RevTeX pointsize 10pt selected on input line 30.
)
(C:\Users\Robertek\AppData\Roaming\MiKTeX\2.9\tex\latex\textcase\textcase.sty
Package: textcase 2004/10/07 v0.07 Text only upper/lower case changing (DPC)
)
("C:\Program Files\MiKTeX 2.9\tex\latex\url\url.sty"
\Urlmuskip=\muskip10
Package: url 2013/09/16  ver 3.4  Verb mode for urls, etc.
)
(C:\Users\Robertek\AppData\Roaming\MiKTeX\2.9\tex\latex\natbib\natbib.sty
Package: natbib 2010/09/13 8.31b (PWD, AO)
\bibhang=\skip44
\bibsep=\skip45
LaTeX Info: Redefining \cite on input line 694.
\c@NAT@ctr=\count94
)
Class revtex4-1 Info: Repairing natbib's \BibitemShut on input line 7549.

(C:\Users\Robertek\AppData\Roaming\MiKTeX\2.9\tex\latex\revtex\revsymb4-1.sty
Package: revsymb4-1 2010/07/25/20:33:00 4.1r (http://publish.aps.org/revtex4/ f
or documentation)
LaTeX Info: Redefining \REV@mathfrak on input line 119.
)) ("C:\Program Files\MiKTeX 2.9\tex\latex\graphics\graphicx.sty"
Package: graphicx 2014/10/28 v1.0g Enhanced LaTeX Graphics (DPC,SPQR)

("C:\Program Files\MiKTeX 2.9\tex\latex\graphics\keyval.sty"
Package: keyval 2014/10/28 v1.15 key=value parser (DPC)
\KV@toks@=\toks16
)
("C:\Program Files\MiKTeX 2.9\tex\latex\graphics\graphics.sty"
Package: graphics 2017/04/14 v1.1b Standard LaTeX Graphics (DPC,SPQR)

("C:\Program Files\MiKTeX 2.9\tex\latex\graphics\trig.sty"
Package: trig 2016/01/03 v1.10 sin cos tan (DPC)
)
("C:\Program Files\MiKTeX 2.9\tex\latex\graphics-cfg\graphics.cfg"
File: graphics.cfg 2016/06/04 v1.11 sample graphics configuration
)
Package graphics Info: Driver file: pdftex.def on input line 99.

("C:\Program Files\MiKTeX 2.9\tex\latex\graphics-def\pdftex.def"
File: pdftex.def 2017/01/12 v0.06k Graphics/color for pdfTeX

("C:\Program Files\MiKTeX 2.9\tex\generic\oberdiek\infwarerr.sty"
Package: infwarerr 2016/05/16 v1.4 Providing info/warning/error messages (HO)
)
("C:\Program Files\MiKTeX 2.9\tex\generic\oberdiek\ltxcmds.sty"
Package: ltxcmds 2016/05/16 v1.23 LaTeX kernel commands for general use (HO)
)
\Gread@gobject=\count95
))
\Gin@req@height=\dimen102
\Gin@req@width=\dimen103
)
("C:\Program Files\MiKTeX 2.9\tex\latex\tools\dcolumn.sty"
Package: dcolumn 2014/10/28 v1.06 decimal alignment package (DPC)

("C:\Program Files\MiKTeX 2.9\tex\latex\tools\array.sty"
Package: array 2016/10/06 v2.4d Tabular extension package (FMi)
\col@sep=\dimen104
\extrarowheight=\dimen105
\NC@list=\toks17
\extratabsurround=\skip46
\backup@length=\skip47
))
("C:\Program Files\MiKTeX 2.9\tex\latex\tools\bm.sty"
Package: bm 2017/01/16 v1.2c Bold Symbol Support (DPC/FMi)
\symboldoperators=\mathgroup4
\symboldletters=\mathgroup5
\symboldsymbols=\mathgroup6
LaTeX Font Info:    Redeclaring math alphabet \mathbf on input line 141.
LaTeX Info: Redefining \bm on input line 207.
)
("C:\Program Files\MiKTeX 2.9\tex\latex\amsfonts\amssymb.sty"
Package: amssymb 2013/01/14 v3.01 AMS font symbols

("C:\Program Files\MiKTeX 2.9\tex\latex\amsfonts\amsfonts.sty"
Package: amsfonts 2013/01/14 v3.01 Basic AMSFonts support
\@emptytoks=\toks18
\symAMSa=\mathgroup7
\symAMSb=\mathgroup8
LaTeX Font Info:    Overwriting math alphabet `\mathfrak' in version `bold'
(Font)                  U/euf/m/n --> U/euf/b/n on input line 106.
LaTeX Info: Redefining \frak on input line 111.
LaTeX Info: Redefining \Bbb on input line 113.
))
("C:\Program Files\MiKTeX 2.9\tex\latex\amsmath\amsmath.sty"
Package: amsmath 2016/11/05 v2.16a AMS math features
\@mathmargin=\skip48

For additional information on amsmath, use the `?' option.
("C:\Program Files\MiKTeX 2.9\tex\latex\amsmath\amstext.sty"
Package: amstext 2000/06/29 v2.01 AMS text

("C:\Program Files\MiKTeX 2.9\tex\latex\amsmath\amsgen.sty"
File: amsgen.sty 1999/11/30 v2.0 generic functions
\@emptytoks=\toks19
\ex@=\dimen106
)
LaTeX Info: Redefining \text on input line 28.
)
("C:\Program Files\MiKTeX 2.9\tex\latex\amsmath\amsbsy.sty"
Package: amsbsy 1999/11/29 v1.2d Bold Symbols
LaTeX Info: Redefining \boldsymbol on input line 28.
\pmbraise@=\dimen107
)
("C:\Program Files\MiKTeX 2.9\tex\latex\amsmath\amsopn.sty"
Package: amsopn 2016/03/08 v2.02 operator names
)
\inf@bad=\count96
LaTeX Info: Redefining \frac on input line 213.
\uproot@=\count97
\leftroot@=\count98
LaTeX Info: Redefining \overline on input line 375.
\classnum@=\count99
\DOTSCASE@=\count100
LaTeX Info: Redefining \ldots on input line 472.
LaTeX Info: Redefining \dots on input line 475.
LaTeX Info: Redefining \cdots on input line 596.
\Mathstrutbox@=\box41
\strutbox@=\box42
\big@size=\dimen108
LaTeX Font Info:    Redeclaring font encoding OML on input line 712.
LaTeX Font Info:    Redeclaring font encoding OMS on input line 713.
\macc@depth=\count101
\c@MaxMatrixCols=\count102
\dotsspace@=\muskip11
\c@parentequation=\count103
\dspbrk@lvl=\count104
\tag@help=\toks20
\row@=\count105
\column@=\count106
\maxfields@=\count107
\andhelp@=\toks21
\eqnshift@=\dimen109
\alignsep@=\dimen110
\tagshift@=\dimen111
\tagwidth@=\dimen112
\totwidth@=\dimen113
\lineht@=\dimen114
\@envbody=\toks22
\multlinegap=\skip49
\multlinetaggap=\skip50
\mathdisplay@stack=\toks23
LaTeX Info: Redefining \[ on input line 2817.
LaTeX Info: Redefining \] on input line 2818.
)
(C:\Users\Robertek\AppData\Roaming\MiKTeX\2.9\tex\latex\sidecap\sidecap.sty
Package: sidecap 2003/06/06 v1.6f SideCap Package (RN/HjG)

("C:\Program Files\MiKTeX 2.9\tex\latex\base\ifthen.sty"
Package: ifthen 2014/09/29 v1.1c Standard LaTeX ifthen package (DPC)
)
\SC@BOXWD=\dimen115
\SC@CAPWD=\dimen116
\SC@tempdima=\dimen117
\SC@tempdimb=\dimen118
\c@SC@C=\count108
\SC@BOX=\box43
)
(C:\Users\Robertek\AppData\Roaming\MiKTeX\2.9\tex\latex\wrapfig\wrapfig.sty
\wrapoverhang=\dimen119
\WF@size=\dimen120
\c@WF@wrappedlines=\count109
\WF@box=\box44
\WF@everypar=\toks24
Package: wrapfig 2003/01/31  v 3.6
)
(C:\Users\Robertek\AppData\Roaming\MiKTeX\2.9\tex\latex\doublestroke\dsfont.sty
Package: dsfont 1995/08/01 v0.1 Double stroke roman fonts
) (C:\Users\Robertek\AppData\Roaming\MiKTeX\2.9\tex\latex\leftidx\leftidx.sty
Package: leftidx 2003/09/24 v1.03 Left indices
)
("C:\Program Files\MiKTeX 2.9\tex\latex\graphics\color.sty"
Package: color 2016/07/10 v1.1e Standard LaTeX Color (DPC)

("C:\Program Files\MiKTeX 2.9\tex\latex\graphics-cfg\color.cfg"
File: color.cfg 2016/01/02 v1.6 sample color configuration
)
Package color Info: Driver file: pdftex.def on input line 147.
)
(C:\Users\Robertek\AppData\Roaming\MiKTeX\2.9\tex\latex\bbold\bbold.sty
Package: bbold 1994/04/06 Bbold symbol package
LaTeX Font Info:    Redeclaring math alphabet \mathbb on input line 42.
)
(C:\Users\Robertek\AppData\Roaming\MiKTeX\2.9\tex\latex\wasysym\wasysym.sty
Package: wasysym 2003/10/30 v2.0 Wasy-2 symbol support package
\symwasy=\mathgroup9
LaTeX Font Info:    Overwriting symbol font `wasy' in version `bold'
(Font)                  U/wasy/m/n --> U/wasy/b/n on input line 90.
)
("C:\Program Files\MiKTeX 2.9\tex\latex\oberdiek\stackrel.sty"
Package: stackrel 2016/05/16 v1.3 Adding subscript option to stackrel (HO)

("C:\Program Files\MiKTeX 2.9\tex\generic\oberdiek\etexcmds.sty"
Package: etexcmds 2016/05/16 v1.6 Avoid name clashes with e-TeX commands (HO)

("C:\Program Files\MiKTeX 2.9\tex\generic\oberdiek\ifluatex.sty"
Package: ifluatex 2016/05/16 v1.4 Provides the ifluatex switch (HO)
Package ifluatex Info: LuaTeX not detected.
)
Package etexcmds Info: Could not find \expanded.
(etexcmds)             That can mean that you are not using pdfTeX 1.50 or
(etexcmds)             that some package has redefined \expanded.
(etexcmds)             In the latter case, load this package earlier.
)
("C:\Program Files\MiKTeX 2.9\tex\generic\oberdiek\pdftexcmds.sty"
Package: pdftexcmds 2017/03/19 v0.25 Utility functions of pdfTeX for LuaTeX (HO
)

("C:\Program Files\MiKTeX 2.9\tex\generic\oberdiek\ifpdf.sty"
Package: ifpdf 2017/03/15 v3.2 Provides the ifpdf switch
)
Package pdftexcmds Info: LuaTeX not detected.
Package pdftexcmds Info: \pdf@primitive is available.
Package pdftexcmds Info: \pdf@ifprimitive is available.
Package pdftexcmds Info: \pdfdraftmode found.
))
(C:\Users\Robertek\AppData\Roaming\MiKTeX\2.9\tex\latex\soul\soul.sty
Package: soul 2003/11/17 v2.4 letterspacing/underlining (mf)
\SOUL@word=\toks25
\SOUL@lasttoken=\toks26
\SOUL@cmds=\toks27
\SOUL@buffer=\toks28
\SOUL@token=\toks29
\SOUL@spaceskip=\skip51
\SOUL@ttwidth=\dimen121
\SOUL@uldp=\dimen122
\SOUL@ulht=\dimen123
)
(C:\Users\Robertek\AppData\Roaming\MiKTeX\2.9\tex\latex\xcolor\xcolor.sty
Package: xcolor 2016/05/11 v2.12 LaTeX color extensions (UK)

("C:\Program Files\MiKTeX 2.9\tex\latex\graphics-cfg\color.cfg"
File: color.cfg 2016/01/02 v1.6 sample color configuration
)
Package xcolor Info: Driver file: pdftex.def on input line 225.
LaTeX Info: Redefining \color on input line 709.
Package xcolor Info: Model `cmy' substituted by `cmy0' on input line 1348.
Package xcolor Info: Model `hsb' substituted by `rgb' on input line 1352.
Package xcolor Info: Model `RGB' extended on input line 1364.
Package xcolor Info: Model `HTML' substituted by `rgb' on input line 1366.
Package xcolor Info: Model `Hsb' substituted by `hsb' on input line 1367.
Package xcolor Info: Model `tHsb' substituted by `hsb' on input line 1368.
Package xcolor Info: Model `HSB' substituted by `hsb' on input line 1369.
Package xcolor Info: Model `Gray' substituted by `gray' on input line 1370.
Package xcolor Info: Model `wave' substituted by `hsb' on input line 1371.
)
("C:\Program Files\MiKTeX 2.9\tex\latex\amscls\amsthm.sty"
Package: amsthm 2015/03/04 v2.20.2
\thm@style=\toks30
\thm@bodyfont=\toks31
\thm@headfont=\toks32
\thm@notefont=\toks33
\thm@headpunct=\toks34
\thm@preskip=\skip52
\thm@postskip=\skip53
\thm@headsep=\skip54
\dth@everypar=\toks35
)
\c@mydef=\count110
\c@prop=\count111
\c@theorem=\count112
Class revtex4-1 Info: Unrecognized array package. Please update this document c
lass! (Proceeding with fingers crossed.) on input line 243.


Class revtex4-1 Warning: Failed to patch the float package.

Class revtex4-1 Info: Robustifying \LaTeX's \boldmath command on input line 243
.
Class revtex4-1 Info: cite was not loaded (OK!) on input line 243.
Class revtex4-1 Info: mcite was not loaded (OK!) on input line 243.
Class revtex4-1 Info: multicol was not loaded (OK!) on input line 243.
(Liebdberg_rudders_jm_v2.aux)
\openout1 = `Liebdberg_rudders_jm_v2.aux'.

LaTeX Font Info:    Checking defaults for OML/cmm/m/it on input line 243.
LaTeX Font Info:    ... okay on input line 243.
LaTeX Font Info:    Checking defaults for T1/cmr/m/n on input line 243.
LaTeX Font Info:    ... okay on input line 243.
LaTeX Font Info:    Checking defaults for OT1/cmr/m/n on input line 243.
LaTeX Font Info:    ... okay on input line 243.
LaTeX Font Info:    Checking defaults for OMS/cmsy/m/n on input line 243.
LaTeX Font Info:    ... okay on input line 243.
LaTeX Font Info:    Checking defaults for OMX/cmex/m/n on input line 243.
LaTeX Font Info:    ... okay on input line 243.
LaTeX Font Info:    Checking defaults for U/cmr/m/n on input line 243.
LaTeX Font Info:    ... okay on input line 243.

(C:\Users\Robertek\AppData\Roaming\MiKTeX\2.9\tex\context\base\supp-pdf.mkii
[Loading MPS to PDF converter (version 2006.09.02).]
\scratchcounter=\count113
\scratchdimen=\dimen124
\scratchbox=\box45
\nofMPsegments=\count114
\nofMParguments=\count115
\everyMPshowfont=\toks36
\MPscratchCnt=\count116
\MPscratchDim=\dimen125
\MPnumerator=\count117
\makeMPintoPDFobject=\count118
\everyMPtoPDFconversion=\toks37
) ("C:\Program Files\MiKTeX 2.9\tex\latex\oberdiek\epstopdf-base.sty"
Package: epstopdf-base 2016/05/15 v2.6 Base part for package epstopdf

("C:\Program Files\MiKTeX 2.9\tex\latex\oberdiek\grfext.sty"
Package: grfext 2016/05/16 v1.2 Manage graphics extensions (HO)

("C:\Program Files\MiKTeX 2.9\tex\generic\oberdiek\kvdefinekeys.sty"
Package: kvdefinekeys 2016/05/16 v1.4 Define keys (HO)
))
("C:\Program Files\MiKTeX 2.9\tex\latex\oberdiek\kvoptions.sty"
Package: kvoptions 2016/05/16 v3.12 Key value format for package options (HO)

("C:\Program Files\MiKTeX 2.9\tex\generic\oberdiek\kvsetkeys.sty"
Package: kvsetkeys 2016/05/16 v1.17 Key value parser (HO)
))
Package epstopdf-base Info: Redefining graphics rule for `.eps' on input line 4
38.
Package grfext Info: Graphics extension search list:
(grfext)             [.png,.pdf,.jpg,.mps,.jpeg,.jbig2,.jb2,.PNG,.PDF,.JPG,.JPE
G,.JBIG2,.JB2,.eps]
(grfext)             \AppendGraphicsExtensions on input line 456.
)
(C:\Users\Robertek\AppData\Roaming\MiKTeX\2.9\tex\latex\ms\ragged2e.sty
Package: ragged2e 2009/05/21 v2.1 ragged2e Package (MS)

(C:\Users\Robertek\AppData\Roaming\MiKTeX\2.9\tex\latex\ms\everysel.sty
Package: everysel 2011/10/28 v1.2 EverySelectfont Package (MS)

ABD: EverySelectfont initializing macros
LaTeX Info: Redefining \selectfont on input line 126.
)
\CenteringLeftskip=\skip55
\RaggedLeftLeftskip=\skip56
\RaggedRightLeftskip=\skip57
\CenteringRightskip=\skip58
\RaggedLeftRightskip=\skip59
\RaggedRightRightskip=\skip60
\CenteringParfillskip=\skip61
\RaggedLeftParfillskip=\skip62
\RaggedRightParfillskip=\skip63
\JustifyingParfillskip=\skip64
\CenteringParindent=\skip65
\RaggedLeftParindent=\skip66
\RaggedRightParindent=\skip67
\JustifyingParindent=\skip68
)
\openout3 = `Liebdberg_rudders_jm_v2Notes.bib'.

LaTeX Font Info:    Try loading font information for U+msa on input line 261.

("C:\Program Files\MiKTeX 2.9\tex\latex\amsfonts\umsa.fd"
File: umsa.fd 2013/01/14 v3.01 AMS symbols A
)
LaTeX Font Info:    Try loading font information for U+msb on input line 261.

("C:\Program Files\MiKTeX 2.9\tex\latex\amsfonts\umsb.fd"
File: umsb.fd 2013/01/14 v3.01 AMS symbols B
)
LaTeX Font Info:    Try loading font information for U+wasy on input line 261.

(C:\Users\Robertek\AppData\Roaming\MiKTeX\2.9\tex\latex\wasysym\uwasy.fd
File: uwasy.fd 2003/10/30 v2.0 Wasy-2 symbol font definitions
)
[1{C:/ProgramData/MiKTeX/2.9/pdftex/config/pdftex.map}]
<graphics/lattices_real_hilbert_bands.pdf, id=12, 284.52756pt x 186.91592pt>
File: graphics/lattices_real_hilbert_bands.pdf Graphic file (type pdf)

<use graphics/lattices_real_hilbert_bands.pdf>
Package pdftex.def Info: graphics/lattices_real_hilbert_bands.pdf used on input
 line 290.
(pdftex.def)             Requested size: 255.0pt x 167.52399pt.

Overfull \hbox (9.0pt too wide) in paragraph at lines 290--291
 [][] 
 []

[2 <./graphics/lattices_real_hilbert_bands.pdf>]
<graphics/decoupling.pdf, id=264, 284.2039pt x 220.11705pt>
File: graphics/decoupling.pdf Graphic file (type pdf)

<use graphics/decoupling.pdf>
Package pdftex.def Info: graphics/decoupling.pdf used on input line 326.
(pdftex.def)             Requested size: 255.0pt x 197.49557pt.

Overfull \hbox (9.0pt too wide) in paragraph at lines 326--327
 [][] 
 []

[3 <./graphics/decoupling.pdf>]
<graphics/loc_length_dipole_BW.pdf, id=387, 284.52759pt x 156.91026pt>
File: graphics/loc_length_dipole_BW.pdf Graphic file (type pdf)

<use graphics/loc_length_dipole_BW.pdf>
Package pdftex.def Info: graphics/loc_length_dipole_BW.pdf used on input line 3
68.
(pdftex.def)             Requested size: 255.0pt x 140.63132pt.

Overfull \hbox (9.0pt too wide) in paragraph at lines 368--369
 [][] 
 []

LaTeX Font Info:    Try loading font information for OMS+cmr on input line 379.

("C:\Program Files\MiKTeX 2.9\tex\latex\base\omscmr.fd"
File: omscmr.fd 2014/09/29 v2.5h Standard LaTeX font definitions
)
LaTeX Font Info:    Font shape `OMS/cmr/m/n' in size <9> not available
(Font)              Font shape `OMS/cmsy/m/n' tried instead on input line 379.


LaTeX Warning: Reference `eq:fattail' on page 4 undefined on input line 438.


LaTeX Warning: Reference `eq:fattail' on page 4 undefined on input line 439.

[4 <./graphics/loc_length_dipole_BW.pdf>]
<graphics/time_evolution_CLS_PaperSupport_v2.pdf, id=496, 795.97375pt x 653.441
25pt>
File: graphics/time_evolution_CLS_PaperSupport_v2.pdf Graphic file (type pdf)
 <use graphics/time_evolution_CLS_PaperSupport_v2.pdf>
Package pdftex.def Info: graphics/time_evolution_CLS_PaperSupport_v2.pdf used o
n input line 478.
(pdftex.def)             Requested size: 255.0pt x 209.3348pt.

Overfull \hbox (9.0pt too wide) in paragraph at lines 478--480
 [][] 
 []


Underfull \hbox (badness 10000) in paragraph at lines 497--498

 []

[5 <./graphics/time_evolution_CLS_PaperSupport_v2.pdf>]
LaTeX Font Info:    Try loading font information for U+dsrom on input line 514.


(C:\Users\Robertek\AppData\Roaming\MiKTeX\2.9\tex\latex\doublestroke\udsrom.fd
File: Udsrom.fd 1995/08/01 v0.1 Double stroke roman font definitions
)
Overfull \hbox (188.38985pt too wide) detected at line 532
\OML/cmm/m/it/10 H[] \OT1/cmr/m/n/10 = [] []
 []

(Liebdberg_rudders_jm_v2.bbl
Underfull \hbox (badness 3547) in paragraph at lines 119--124
 []\OT1/cmr/m/n/9 M. Greiner, O. Man-del, T. Rom, A. Alt-meyer,
 []


Underfull \hbox (badness 2351) in paragraph at lines 197--201
 []\OT1/cmr/m/n/9 R. Low, H. Weimer, J. Nip-per, J. B. Balewski,
 []

[6]
Underfull \hbox (badness 2828) in paragraph at lines 477--482
 []\OT1/cmr/m/n/9 M. M. Val-ado, C. Si-monelli, M. D. Hooger-land,
 []


Underfull \hbox (badness 10000) in paragraph at lines 477--482
 \OT1/cmr/m/n/9 I. Lesanovsky, J. P. Gar-ra-han, E. Ari-mondo,
 []


Underfull \hbox (badness 1264) in paragraph at lines 477--482
 \OT1/cmr/m/n/9 D. Ciampini,  and O. Morsch, Phys. Rev. A \OT1/cmr/bx/n/9 93\OT
1/cmr/m/n/9 ,
 []

Missing character: There is no â in font cmr9!
Missing character: There is no € in font cmr9!
Missing character: There is no ™ in font cmr9!

Underfull \hbox (badness 2435) in paragraph at lines 730--737
 []\OT1/cmr/m/n/9 F. No-grette, H. Labuhn, S. Ravets, D. Barredo,
 []


Underfull \hbox (badness 1968) in paragraph at lines 775--782
 \OT1/cmr/m/n/9 An-schuetz, A. Kra-jen-brink, C. Senko, V. Vuletic,
 []

) [7] (Liebdberg_rudders_jm_v2.aux)

LaTeX Warning: There were undefined references.

 ) 
Here is how much of TeX's memory you used:
 6202 strings out of 493323
 81859 string characters out of 3139058
 195139 words of memory out of 3000000
 9592 multiletter control sequences out of 15000+200000
 16203 words of font info for 64 fonts, out of 3000000 for 9000
 1141 hyphenation exceptions out of 8191
 34i,16n,35p,2042b,421s stack positions out of 5000i,500n,10000p,200000b,50000s
 <C:\Users\Robertek\AppData\Local\MiKTeX\2.9\fonts\pk\ljfour\public\doublestr
oke\dpi600\dsrom10.pk><C:/Program Files/MiKTeX 2.9/fonts/type1/public/amsfonts/
cm/cmbx10.pfb><C:/Program Files/MiKTeX 2.9/fonts/type1/public/amsfonts/cm/cmbx1
2.pfb><C:/Program Files/MiKTeX 2.9/fonts/type1/public/amsfonts/cm/cmbx9.pfb><C:
/Program Files/MiKTeX 2.9/fonts/type1/public/amsfonts/cm/cmex10.pfb><C:/Program
 Files/MiKTeX 2.9/fonts/type1/public/amsfonts/cmextra/cmex9.pfb><C:/Program Fil
es/MiKTeX 2.9/fonts/type1/public/amsfonts/cm/cmmi10.pfb><C:/Program Files/MiKTe
X 2.9/fonts/type1/public/amsfonts/cm/cmmi5.pfb><C:/Program Files/MiKTeX 2.9/fon
ts/type1/public/amsfonts/cm/cmmi6.pfb><C:/Program Files/MiKTeX 2.9/fonts/type1/
public/amsfonts/cm/cmmi7.pfb><C:/Program Files/MiKTeX 2.9/fonts/type1/public/am
sfonts/cm/cmmi9.pfb><C:/Program Files/MiKTeX 2.9/fonts/type1/public/amsfonts/cm
/cmr10.pfb><C:/Program Files/MiKTeX 2.9/fonts/type1/public/amsfonts/cm/cmr5.pfb
><C:/Program Files/MiKTeX 2.9/fonts/type1/public/amsfonts/cm/cmr6.pfb><C:/Progr
am Files/MiKTeX 2.9/fonts/type1/public/amsfonts/cm/cmr7.pfb><C:/Program Files/M
iKTeX 2.9/fonts/type1/public/amsfonts/cm/cmr9.pfb><C:/Program Files/MiKTeX 2.9/
fonts/type1/public/amsfonts/cm/cmsy10.pfb><C:/Program Files/MiKTeX 2.9/fonts/ty
pe1/public/amsfonts/cm/cmsy5.pfb><C:/Program Files/MiKTeX 2.9/fonts/type1/publi
c/amsfonts/cm/cmsy7.pfb><C:/Program Files/MiKTeX 2.9/fonts/type1/public/amsfont
s/cm/cmsy9.pfb><C:/Program Files/MiKTeX 2.9/fonts/type1/public/amsfonts/cm/cmti
10.pfb><C:/Program Files/MiKTeX 2.9/fonts/type1/public/amsfonts/cm/cmti9.pfb><C
:/Program Files/MiKTeX 2.9/fonts/type1/public/amsfonts/symbols/msam7.pfb><C:/Pr
ogram Files/MiKTeX 2.9/fonts/type1/public/amsfonts/symbols/msbm10.pfb>
Output written on Liebdberg_rudders_jm_v2.pdf (7 pages, 730217 bytes).
PDF statistics:
 616 PDF objects out of 1000 (max. 8388607)
 0 named destinations out of 1000 (max. 500000)
 21 words of extra memory for PDF output out of 10000 (max. 10000000)

